{"D:\\Projects\\sitetracker-ai-service\\controllers\\image-detection\\image-detection.controller.ts": {"path":"D:\\Projects\\sitetracker-ai-service\\controllers\\image-detection\\image-detection.controller.ts","statementMap":{"0":{"start":{"line":2,"column":0},"end":{"line":2,"column":null}},"1":{"start":{"line":8,"column":0},"end":{"line":8,"column":71}},"2":{"start":{"line":22,"column":33},"end":{"line":59,"column":null}},"3":{"start":{"line":25,"column":23},"end":{"line":59,"column":null}},"4":{"start":{"line":27,"column":4},"end":{"line":27,"column":53}},"5":{"start":{"line":28,"column":15},"end":{"line":28,"column":72}},"6":{"start":{"line":29,"column":16},"end":{"line":31,"column":75}},"7":{"start":{"line":31,"column":63},"end":{"line":31,"column":74}},"8":{"start":{"line":32,"column":2},"end":{"line":34,"column":3}},"9":{"start":{"line":33,"column":4},"end":{"line":33,"column":null}},"10":{"start":{"line":36,"column":16},"end":{"line":36,"column":48}},"11":{"start":{"line":41,"column":26},"end":{"line":48,"column":null}},"12":{"start":{"line":44,"column":6},"end":{"line":44,"column":54}},"13":{"start":{"line":46,"column":6},"end":{"line":46,"column":54}},"14":{"start":{"line":51,"column":4},"end":{"line":51,"column":60}},"15":{"start":{"line":53,"column":2},"end":{"line":55,"column":3}},"16":{"start":{"line":54,"column":4},"end":{"line":54,"column":null}},"17":{"start":{"line":57,"column":24},"end":{"line":57,"column":68}},"18":{"start":{"line":58,"column":2},"end":{"line":58,"column":null}},"19":{"start":{"line":22,"column":13},"end":{"line":22,"column":33}}},"fnMap":{"0":{"name":"(anonymous_7)","decl":{"start":{"line":22,"column":33},"end":{"line":22,"column":null}},"loc":{"start":{"line":25,"column":23},"end":{"line":59,"column":null}}},"1":{"name":"(anonymous_8)","decl":{"start":{"line":25,"column":23},"end":{"line":25,"column":null}},"loc":{"start":{"line":25,"column":23},"end":{"line":59,"column":1}}},"2":{"name":"(anonymous_9)","decl":{"start":{"line":31,"column":45},"end":{"line":31,"column":46}},"loc":{"start":{"line":31,"column":63},"end":{"line":31,"column":74}}},"3":{"name":"(anonymous_10)","decl":{"start":{"line":43,"column":29},"end":{"line":43,"column":30}},"loc":{"start":{"line":44,"column":6},"end":{"line":44,"column":54}}},"4":{"name":"(anonymous_11)","decl":{"start":{"line":45,"column":29},"end":{"line":45,"column":30}},"loc":{"start":{"line":46,"column":6},"end":{"line":46,"column":54}}}},"branchMap":{"0":{"loc":{"start":{"line":26,"column":29},"end":{"line":26,"column":61}},"type":"default-arg","locations":[{"start":{"line":26,"column":39},"end":{"line":26,"column":61}}]},"1":{"loc":{"start":{"line":28,"column":15},"end":{"line":28,"column":72}},"type":"cond-expr","locations":[{"start":{"line":28,"column":24},"end":{"line":28,"column":26}},{"start":{"line":28,"column":24},"end":{"line":28,"column":72}}]},"2":{"loc":{"start":{"line":28,"column":15},"end":{"line":28,"column":26}},"type":"binary-expr","locations":[{"start":{"line":28,"column":15},"end":{"line":28,"column":26}},{"start":{"line":28,"column":24},"end":{"line":28,"column":26}}]},"3":{"loc":{"start":{"line":29,"column":16},"end":{"line":31,"column":75}},"type":"cond-expr","locations":[{"start":{"line":30,"column":6},"end":{"line":30,"column":16}},{"start":{"line":31,"column":7},"end":{"line":31,"column":75}}]},"4":{"loc":{"start":{"line":31,"column":7},"end":{"line":31,"column":75}},"type":"cond-expr","locations":[{"start":{"line":31,"column":17},"end":{"line":31,"column":28}},{"start":{"line":31,"column":7},"end":{"line":31,"column":75}}]},"5":{"loc":{"start":{"line":31,"column":7},"end":{"line":31,"column":28}},"type":"binary-expr","locations":[{"start":{"line":31,"column":7},"end":{"line":31,"column":30}},{"start":{"line":31,"column":7},"end":{"line":31,"column":28}}]},"6":{"loc":{"start":{"line":32,"column":2},"end":{"line":34,"column":3}},"type":"if","locations":[{"start":{"line":32,"column":2},"end":{"line":34,"column":3}}]},"7":{"loc":{"start":{"line":32,"column":6},"end":{"line":32,"column":21}},"type":"binary-expr","locations":[{"start":{"line":32,"column":6},"end":{"line":32,"column":11}},{"start":{"line":32,"column":15},"end":{"line":32,"column":21}}]},"8":{"loc":{"start":{"line":53,"column":2},"end":{"line":55,"column":3}},"type":"if","locations":[{"start":{"line":53,"column":2},"end":{"line":55,"column":3}}]}},"s":{"0":1,"1":1,"2":1,"3":9,"4":9,"5":9,"6":9,"7":0,"8":9,"9":3,"10":6,"11":6,"12":1,"13":1,"14":6,"15":6,"16":1,"17":5,"18":5,"19":1},"f":{"0":9,"1":9,"2":0,"3":1,"4":1},"b":{"0":[3],"1":[0,9],"2":[9,9],"3":[7,2],"4":[2,0],"5":[2,2],"6":[3],"7":[9,7],"8":[1]}}
,"D:\\Projects\\sitetracker-ai-service\\controllers\\knowledge-base\\knowledge-base.controller.ts": {"path":"D:\\Projects\\sitetracker-ai-service\\controllers\\knowledge-base\\knowledge-base.controller.ts","statementMap":{"0":{"start":{"line":2,"column":0},"end":{"line":2,"column":43}},"1":{"start":{"line":3,"column":0},"end":{"line":3,"column":42}},"2":{"start":{"line":18,"column":32},"end":{"line":47,"column":null}},"3":{"start":{"line":21,"column":23},"end":{"line":47,"column":null}},"4":{"start":{"line":22,"column":31},"end":{"line":22,"column":79}},"5":{"start":{"line":23,"column":15},"end":{"line":23,"column":56}},"6":{"start":{"line":25,"column":2},"end":{"line":27,"column":3}},"7":{"start":{"line":26,"column":4},"end":{"line":26,"column":null}},"8":{"start":{"line":31,"column":2},"end":{"line":40,"column":3}},"9":{"start":{"line":35,"column":4},"end":{"line":35,"column":null}},"10":{"start":{"line":37,"column":4},"end":{"line":39,"column":null}},"11":{"start":{"line":45,"column":17},"end":{"line":45,"column":54}},"12":{"start":{"line":46,"column":2},"end":{"line":46,"column":null}},"13":{"start":{"line":18,"column":13},"end":{"line":18,"column":32}}},"fnMap":{"0":{"name":"(anonymous_7)","decl":{"start":{"line":18,"column":32},"end":{"line":18,"column":null}},"loc":{"start":{"line":21,"column":23},"end":{"line":47,"column":null}}},"1":{"name":"(anonymous_8)","decl":{"start":{"line":21,"column":23},"end":{"line":21,"column":null}},"loc":{"start":{"line":21,"column":23},"end":{"line":47,"column":1}}}},"branchMap":{"0":{"loc":{"start":{"line":23,"column":15},"end":{"line":23,"column":56}},"type":"cond-expr","locations":[{"start":{"line":23,"column":24},"end":{"line":23,"column":26}},{"start":{"line":23,"column":24},"end":{"line":23,"column":56}}]},"1":{"loc":{"start":{"line":23,"column":15},"end":{"line":23,"column":26}},"type":"binary-expr","locations":[{"start":{"line":23,"column":15},"end":{"line":23,"column":26}},{"start":{"line":23,"column":24},"end":{"line":23,"column":26}}]},"2":{"loc":{"start":{"line":25,"column":2},"end":{"line":27,"column":3}},"type":"if","locations":[{"start":{"line":25,"column":2},"end":{"line":27,"column":3}}]},"3":{"loc":{"start":{"line":25,"column":6},"end":{"line":25,"column":37}},"type":"binary-expr","locations":[{"start":{"line":25,"column":6},"end":{"line":25,"column":15}},{"start":{"line":25,"column":20},"end":{"line":25,"column":25}},{"start":{"line":25,"column":29},"end":{"line":25,"column":36}}]},"4":{"loc":{"start":{"line":38,"column":14},"end":{"line":38,"column":60}},"type":"binary-expr","locations":[{"start":{"line":38,"column":14},"end":{"line":38,"column":37}},{"start":{"line":38,"column":41},"end":{"line":38,"column":60}}]}},"s":{"0":1,"1":1,"2":1,"3":5,"4":5,"5":5,"6":5,"7":2,"8":3,"9":3,"10":1,"11":2,"12":2,"13":1},"f":{"0":5,"1":5},"b":{"0":[0,5],"1":[5,5],"2":[2],"3":[5,4,3],"4":[1,0]}}
,"D:\\Projects\\sitetracker-ai-service\\services\\image-detection.service.ts": {"path":"D:\\Projects\\sitetracker-ai-service\\services\\image-detection.service.ts","statementMap":{"0":{"start":{"line":1,"column":0},"end":{"line":1,"column":31}},"1":{"start":{"line":2,"column":0},"end":{"line":2,"column":25}},"2":{"start":{"line":3,"column":0},"end":{"line":3,"column":65}},"3":{"start":{"line":4,"column":0},"end":{"line":4,"column":58}},"4":{"start":{"line":5,"column":0},"end":{"line":5,"column":41}},"5":{"start":{"line":6,"column":0},"end":{"line":6,"column":78}},"6":{"start":{"line":8,"column":21},"end":{"line":8,"column":50}},"7":{"start":{"line":9,"column":21},"end":{"line":9,"column":47}},"8":{"start":{"line":11,"column":0},"end":{"line":15,"column":null}},"9":{"start":{"line":25,"column":22},"end":{"line":51,"column":null}},"10":{"start":{"line":25,"column":69},"end":{"line":51,"column":null}},"11":{"start":{"line":26,"column":26},"end":{"line":26,"column":56}},"12":{"start":{"line":27,"column":16},"end":{"line":31,"column":4}},"13":{"start":{"line":33,"column":17},"end":{"line":35,"column":5}},"14":{"start":{"line":37,"column":19},"end":{"line":48,"column":11}},"15":{"start":{"line":50,"column":2},"end":{"line":50,"column":null}},"16":{"start":{"line":25,"column":13},"end":{"line":25,"column":22}},"17":{"start":{"line":61,"column":27},"end":{"line":89,"column":null}},"18":{"start":{"line":61,"column":74},"end":{"line":89,"column":null}},"19":{"start":{"line":62,"column":17},"end":{"line":62,"column":29}},"20":{"start":{"line":64,"column":19},"end":{"line":85,"column":4}},"21":{"start":{"line":86,"column":2},"end":{"line":86,"column":null}},"22":{"start":{"line":88,"column":2},"end":{"line":88,"column":null}},"23":{"start":{"line":61,"column":13},"end":{"line":61,"column":27}},"24":{"start":{"line":100,"column":33},"end":{"line":139,"column":null}},"25":{"start":{"line":104,"column":4},"end":{"line":139,"column":null}},"26":{"start":{"line":105,"column":26},"end":{"line":105,"column":51}},"27":{"start":{"line":106,"column":16},"end":{"line":106,"column":62}},"28":{"start":{"line":107,"column":2},"end":{"line":138,"column":3}},"29":{"start":{"line":108,"column":18},"end":{"line":108,"column":80}},"30":{"start":{"line":110,"column":17},"end":{"line":110,"column":19}},"31":{"start":{"line":112,"column":4},"end":{"line":125,"column":5}},"32":{"start":{"line":114,"column":8},"end":{"line":116,"column":null}},"33":{"start":{"line":117,"column":8},"end":{"line":117,"column":13}},"34":{"start":{"line":119,"column":8},"end":{"line":121,"column":null}},"35":{"start":{"line":122,"column":8},"end":{"line":122,"column":13}},"36":{"start":{"line":124,"column":8},"end":{"line":124,"column":null}},"37":{"start":{"line":127,"column":18},"end":{"line":132,"column":null}},"38":{"start":{"line":134,"column":19},"end":{"line":134,"column":63}},"39":{"start":{"line":135,"column":4},"end":{"line":135,"column":null}},"40":{"start":{"line":137,"column":4},"end":{"line":137,"column":null}},"41":{"start":{"line":100,"column":13},"end":{"line":100,"column":33}},"42":{"start":{"line":150,"column":33},"end":{"line":199,"column":null}},"43":{"start":{"line":154,"column":4},"end":{"line":199,"column":null}},"44":{"start":{"line":155,"column":20},"end":{"line":155,"column":69}},"45":{"start":{"line":156,"column":26},"end":{"line":156,"column":51}},"46":{"start":{"line":157,"column":15},"end":{"line":157,"column":17}},"47":{"start":{"line":159,"column":2},"end":{"line":198,"column":3}},"48":{"start":{"line":160,"column":4},"end":{"line":173,"column":5}},"49":{"start":{"line":162,"column":8},"end":{"line":164,"column":null}},"50":{"start":{"line":165,"column":8},"end":{"line":165,"column":13}},"51":{"start":{"line":167,"column":8},"end":{"line":169,"column":null}},"52":{"start":{"line":170,"column":8},"end":{"line":170,"column":13}},"53":{"start":{"line":172,"column":8},"end":{"line":172,"column":null}},"54":{"start":{"line":174,"column":20},"end":{"line":193,"column":6}},"55":{"start":{"line":195,"column":4},"end":{"line":195,"column":null}},"56":{"start":{"line":197,"column":4},"end":{"line":197,"column":null}},"57":{"start":{"line":150,"column":13},"end":{"line":150,"column":33}},"58":{"start":{"line":206,"column":41},"end":{"line":226,"column":null}},"59":{"start":{"line":209,"column":4},"end":{"line":226,"column":null}},"60":{"start":{"line":210,"column":22},"end":{"line":210,"column":43}},"61":{"start":{"line":211,"column":26},"end":{"line":211,"column":51}},"62":{"start":{"line":213,"column":17},"end":{"line":219,"column":null}},"63":{"start":{"line":221,"column":19},"end":{"line":221,"column":67}},"64":{"start":{"line":223,"column":24},"end":{"line":223,"column":72}},"65":{"start":{"line":223,"column":61},"end":{"line":223,"column":71}},"66":{"start":{"line":225,"column":2},"end":{"line":225,"column":null}},"67":{"start":{"line":206,"column":13},"end":{"line":206,"column":41}}},"fnMap":{"0":{"name":"(anonymous_8)","decl":{"start":{"line":25,"column":22},"end":{"line":25,"column":29}},"loc":{"start":{"line":25,"column":69},"end":{"line":51,"column":null}}},"1":{"name":"(anonymous_9)","decl":{"start":{"line":25,"column":69},"end":{"line":25,"column":null}},"loc":{"start":{"line":25,"column":69},"end":{"line":51,"column":1}}},"2":{"name":"(anonymous_10)","decl":{"start":{"line":61,"column":27},"end":{"line":61,"column":34}},"loc":{"start":{"line":61,"column":74},"end":{"line":89,"column":null}}},"3":{"name":"(anonymous_11)","decl":{"start":{"line":61,"column":74},"end":{"line":61,"column":null}},"loc":{"start":{"line":61,"column":74},"end":{"line":89,"column":1}}},"4":{"name":"(anonymous_12)","decl":{"start":{"line":100,"column":33},"end":{"line":100,"column":null}},"loc":{"start":{"line":104,"column":4},"end":{"line":139,"column":null}}},"5":{"name":"(anonymous_13)","decl":{"start":{"line":104,"column":4},"end":{"line":104,"column":null}},"loc":{"start":{"line":103,"column":17},"end":{"line":139,"column":1}}},"6":{"name":"(anonymous_14)","decl":{"start":{"line":150,"column":33},"end":{"line":150,"column":null}},"loc":{"start":{"line":154,"column":4},"end":{"line":199,"column":null}}},"7":{"name":"(anonymous_15)","decl":{"start":{"line":154,"column":4},"end":{"line":154,"column":null}},"loc":{"start":{"line":153,"column":17},"end":{"line":199,"column":1}}},"8":{"name":"(anonymous_16)","decl":{"start":{"line":206,"column":41},"end":{"line":206,"column":null}},"loc":{"start":{"line":209,"column":4},"end":{"line":226,"column":null}}},"9":{"name":"(anonymous_17)","decl":{"start":{"line":209,"column":4},"end":{"line":209,"column":null}},"loc":{"start":{"line":209,"column":4},"end":{"line":226,"column":1}}},"10":{"name":"(anonymous_18)","decl":{"start":{"line":223,"column":45},"end":{"line":223,"column":46}},"loc":{"start":{"line":223,"column":61},"end":{"line":223,"column":71}}}},"branchMap":{"0":{"loc":{"start":{"line":102,"column":2},"end":{"line":102,"column":26}},"type":"default-arg","locations":[{"start":{"line":102,"column":11},"end":{"line":102,"column":26}}]},"1":{"loc":{"start":{"line":112,"column":4},"end":{"line":125,"column":5}},"type":"switch","locations":[{"start":{"line":113,"column":6},"end":{"line":117,"column":13}},{"start":{"line":118,"column":6},"end":{"line":122,"column":13}},{"start":{"line":123,"column":6},"end":{"line":124,"column":null}}]},"2":{"loc":{"start":{"line":152,"column":2},"end":{"line":152,"column":26}},"type":"default-arg","locations":[{"start":{"line":152,"column":11},"end":{"line":152,"column":26}}]},"3":{"loc":{"start":{"line":160,"column":4},"end":{"line":173,"column":5}},"type":"switch","locations":[{"start":{"line":161,"column":6},"end":{"line":165,"column":13}},{"start":{"line":166,"column":6},"end":{"line":170,"column":13}},{"start":{"line":171,"column":6},"end":{"line":172,"column":null}}]},"4":{"loc":{"start":{"line":223,"column":24},"end":{"line":223,"column":72}},"type":"cond-expr","locations":[{"start":{"line":223,"column":39},"end":{"line":223,"column":41}},{"start":{"line":223,"column":39},"end":{"line":223,"column":72}}]},"5":{"loc":{"start":{"line":223,"column":24},"end":{"line":223,"column":41}},"type":"binary-expr","locations":[{"start":{"line":223,"column":24},"end":{"line":223,"column":41}},{"start":{"line":223,"column":39},"end":{"line":223,"column":41}}]},"6":{"loc":{"start":{"line":225,"column":9},"end":{"line":225,"column":34}},"type":"cond-expr","locations":[{"start":{"line":225,"column":22},"end":{"line":225,"column":24}},{"start":{"line":225,"column":9},"end":{"line":225,"column":34}}]},"7":{"loc":{"start":{"line":225,"column":9},"end":{"line":225,"column":24}},"type":"binary-expr","locations":[{"start":{"line":225,"column":9},"end":{"line":225,"column":24}},{"start":{"line":225,"column":9},"end":{"line":225,"column":24}}]}},"s":{"0":3,"1":3,"2":3,"3":3,"4":3,"5":3,"6":3,"7":3,"8":3,"9":3,"10":1,"11":1,"12":1,"13":1,"14":1,"15":1,"16":3,"17":3,"18":1,"19":1,"20":1,"21":1,"22":1,"23":3,"24":3,"25":7,"26":7,"27":7,"28":7,"29":7,"30":5,"31":5,"32":3,"33":3,"34":1,"35":1,"36":1,"37":4,"38":4,"39":3,"40":3,"41":3,"42":3,"43":4,"44":4,"45":4,"46":4,"47":4,"48":4,"49":2,"50":2,"51":1,"52":1,"53":1,"54":3,"55":2,"56":1,"57":3,"58":3,"59":1,"60":1,"61":1,"62":1,"63":1,"64":1,"65":2,"66":1,"67":3},"f":{"0":1,"1":1,"2":1,"3":1,"4":7,"5":7,"6":4,"7":4,"8":1,"9":1,"10":2},"b":{"0":[1],"1":[3,1,1],"2":[0],"3":[2,1,1],"4":[0,1],"5":[1,1],"6":[0,1],"7":[1,1]}}
,"D:\\Projects\\sitetracker-ai-service\\services\\index.ts": {"path":"D:\\Projects\\sitetracker-ai-service\\services\\index.ts","statementMap":{"0":{"start":{"line":1,"column":0},"end":{"line":1,"column":41}},"1":{"start":{"line":2,"column":0},"end":{"line":2,"column":40}},"2":{"start":{"line":3,"column":0},"end":{"line":3,"column":37}}},"fnMap":{},"branchMap":{},"s":{"0":2,"1":2,"2":2},"f":{},"b":{}}
,"D:\\Projects\\sitetracker-ai-service\\services\\knowledge-base.service.ts": {"path":"D:\\Projects\\sitetracker-ai-service\\services\\knowledge-base.service.ts","statementMap":{"0":{"start":{"line":1,"column":0},"end":{"line":1,"column":27}},"1":{"start":{"line":2,"column":0},"end":{"line":2,"column":45}},"2":{"start":{"line":3,"column":0},"end":{"line":3,"column":65}},"3":{"start":{"line":4,"column":0},"end":{"line":4,"column":52}},"4":{"start":{"line":5,"column":0},"end":{"line":5,"column":62}},"5":{"start":{"line":6,"column":0},"end":{"line":6,"column":65}},"6":{"start":{"line":8,"column":27},"end":{"line":11,"column":null}},"7":{"start":{"line":8,"column":72},"end":{"line":11,"column":null}},"8":{"start":{"line":9,"column":15},"end":{"line":9,"column":35}},"9":{"start":{"line":10,"column":2},"end":{"line":10,"column":null}},"10":{"start":{"line":21,"column":26},"end":{"line":45,"column":null}},"11":{"start":{"line":21,"column":72},"end":{"line":45,"column":null}},"12":{"start":{"line":22,"column":18},"end":{"line":22,"column":53}},"13":{"start":{"line":24,"column":14},"end":{"line":27,"column":4}},"14":{"start":{"line":29,"column":16},"end":{"line":33,"column":4}},"15":{"start":{"line":35,"column":16},"end":{"line":35,"column":40}},"16":{"start":{"line":36,"column":21},"end":{"line":36,"column":43}},"17":{"start":{"line":37,"column":16},"end":{"line":37,"column":72}},"18":{"start":{"line":38,"column":23},"end":{"line":38,"column":61}},"19":{"start":{"line":39,"column":14},"end":{"line":42,"column":4}},"20":{"start":{"line":44,"column":2},"end":{"line":44,"column":null}},"21":{"start":{"line":21,"column":13},"end":{"line":21,"column":26}}},"fnMap":{"0":{"name":"(anonymous_8)","decl":{"start":{"line":8,"column":27},"end":{"line":8,"column":34}},"loc":{"start":{"line":8,"column":72},"end":{"line":11,"column":null}}},"1":{"name":"(anonymous_9)","decl":{"start":{"line":8,"column":72},"end":{"line":8,"column":null}},"loc":{"start":{"line":8,"column":72},"end":{"line":11,"column":1}}},"2":{"name":"(anonymous_10)","decl":{"start":{"line":21,"column":26},"end":{"line":21,"column":33}},"loc":{"start":{"line":21,"column":72},"end":{"line":45,"column":null}}},"3":{"name":"(anonymous_11)","decl":{"start":{"line":21,"column":72},"end":{"line":21,"column":null}},"loc":{"start":{"line":21,"column":72},"end":{"line":45,"column":1}}}},"branchMap":{},"s":{"0":3,"1":3,"2":3,"3":3,"4":3,"5":3,"6":3,"7":1,"8":1,"9":1,"10":3,"11":1,"12":1,"13":1,"14":1,"15":1,"16":1,"17":1,"18":1,"19":1,"20":1,"21":3},"f":{"0":1,"1":1,"2":1,"3":1},"b":{}}
,"D:\\Projects\\sitetracker-ai-service\\services\\translation.service.ts": {"path":"D:\\Projects\\sitetracker-ai-service\\services\\translation.service.ts","statementMap":{"0":{"start":{"line":1,"column":0},"end":{"line":1,"column":28}},"1":{"start":{"line":2,"column":0},"end":{"line":2,"column":35}},"2":{"start":{"line":3,"column":0},"end":{"line":3,"column":65}},"3":{"start":{"line":4,"column":0},"end":{"line":4,"column":43}},"4":{"start":{"line":5,"column":0},"end":{"line":5,"column":50}},"5":{"start":{"line":6,"column":0},"end":{"line":6,"column":59}},"6":{"start":{"line":21,"column":28},"end":{"line":47,"column":null}},"7":{"start":{"line":23,"column":32},"end":{"line":47,"column":null}},"8":{"start":{"line":24,"column":22},"end":{"line":24,"column":57}},"9":{"start":{"line":25,"column":19},"end":{"line":25,"column":61}},"10":{"start":{"line":26,"column":20},"end":{"line":26,"column":42}},"11":{"start":{"line":27,"column":16},"end":{"line":27,"column":42}},"12":{"start":{"line":28,"column":18},"end":{"line":28,"column":49}},"13":{"start":{"line":30,"column":38},"end":{"line":30,"column":40}},"14":{"start":{"line":32,"column":2},"end":{"line":44,"column":null}},"15":{"start":{"line":33,"column":17},"end":{"line":33,"column":31}},"16":{"start":{"line":34,"column":4},"end":{"line":34,"column":21}},"17":{"start":{"line":34,"column":15},"end":{"line":34,"column":21}},"18":{"start":{"line":36,"column":4},"end":{"line":36,"column":null}},"19":{"start":{"line":38,"column":4},"end":{"line":43,"column":null}},"20":{"start":{"line":39,"column":6},"end":{"line":42,"column":7}},"21":{"start":{"line":40,"column":21},"end":{"line":40,"column":41}},"22":{"start":{"line":41,"column":8},"end":{"line":41,"column":null}},"23":{"start":{"line":46,"column":2},"end":{"line":46,"column":null}},"24":{"start":{"line":21,"column":13},"end":{"line":21,"column":28}},"25":{"start":{"line":59,"column":37},"end":{"line":118,"column":null}},"26":{"start":{"line":64,"column":21},"end":{"line":118,"column":null}},"27":{"start":{"line":65,"column":16},"end":{"line":69,"column":4}},"28":{"start":{"line":71,"column":21},"end":{"line":71,"column":25}},"29":{"start":{"line":73,"column":2},"end":{"line":105,"column":3}},"30":{"start":{"line":74,"column":21},"end":{"line":74,"column":57}},"31":{"start":{"line":75,"column":20},"end":{"line":78,"column":16}},"32":{"start":{"line":76,"column":22},"end":{"line":76,"column":41}},"33":{"start":{"line":77,"column":21},"end":{"line":77,"column":64}},"34":{"start":{"line":79,"column":18},"end":{"line":79,"column":58}},"35":{"start":{"line":81,"column":4},"end":{"line":90,"column":null}},"36":{"start":{"line":82,"column":19},"end":{"line":82,"column":42}},"37":{"start":{"line":83,"column":26},"end":{"line":83,"column":76}},"38":{"start":{"line":84,"column":6},"end":{"line":88,"column":7}},"39":{"start":{"line":85,"column":8},"end":{"line":87,"column":null}},"40":{"start":{"line":89,"column":6},"end":{"line":89,"column":null}},"41":{"start":{"line":92,"column":4},"end":{"line":97,"column":null}},"42":{"start":{"line":99,"column":4},"end":{"line":104,"column":null}},"43":{"start":{"line":107,"column":16},"end":{"line":110,"column":4}},"44":{"start":{"line":112,"column":17},"end":{"line":116,"column":4}},"45":{"start":{"line":117,"column":2},"end":{"line":117,"column":null}},"46":{"start":{"line":59,"column":13},"end":{"line":59,"column":37}}},"fnMap":{"0":{"name":"(anonymous_13)","decl":{"start":{"line":21,"column":28},"end":{"line":21,"column":null}},"loc":{"start":{"line":23,"column":32},"end":{"line":47,"column":null}}},"1":{"name":"(anonymous_14)","decl":{"start":{"line":23,"column":32},"end":{"line":23,"column":null}},"loc":{"start":{"line":23,"column":32},"end":{"line":47,"column":1}}},"2":{"name":"(anonymous_15)","decl":{"start":{"line":32,"column":18},"end":{"line":32,"column":19}},"loc":{"start":{"line":32,"column":31},"end":{"line":44,"column":3}}},"3":{"name":"(anonymous_16)","decl":{"start":{"line":38,"column":29},"end":{"line":38,"column":30}},"loc":{"start":{"line":38,"column":37},"end":{"line":43,"column":5}}},"4":{"name":"(anonymous_17)","decl":{"start":{"line":59,"column":37},"end":{"line":59,"column":null}},"loc":{"start":{"line":64,"column":21},"end":{"line":118,"column":null}}},"5":{"name":"(anonymous_18)","decl":{"start":{"line":64,"column":21},"end":{"line":64,"column":null}},"loc":{"start":{"line":64,"column":21},"end":{"line":118,"column":1}}},"6":{"name":"(anonymous_19)","decl":{"start":{"line":76,"column":12},"end":{"line":76,"column":13}},"loc":{"start":{"line":76,"column":22},"end":{"line":76,"column":41}}},"7":{"name":"(anonymous_20)","decl":{"start":{"line":77,"column":11},"end":{"line":77,"column":12}},"loc":{"start":{"line":77,"column":21},"end":{"line":77,"column":64}}},"8":{"name":"(anonymous_21)","decl":{"start":{"line":81,"column":39},"end":{"line":81,"column":40}},"loc":{"start":{"line":81,"column":49},"end":{"line":90,"column":5}}}},"branchMap":{"0":{"loc":{"start":{"line":34,"column":4},"end":{"line":34,"column":21}},"type":"if","locations":[{"start":{"line":34,"column":4},"end":{"line":34,"column":21}}]},"1":{"loc":{"start":{"line":39,"column":6},"end":{"line":42,"column":7}},"type":"if","locations":[{"start":{"line":39,"column":6},"end":{"line":42,"column":7}}]},"2":{"loc":{"start":{"line":41,"column":31},"end":{"line":41,"column":45}},"type":"binary-expr","locations":[{"start":{"line":41,"column":31},"end":{"line":41,"column":39}},{"start":{"line":41,"column":43},"end":{"line":41,"column":45}}]},"3":{"loc":{"start":{"line":73,"column":2},"end":{"line":105,"column":3}},"type":"if","locations":[{"start":{"line":73,"column":2},"end":{"line":105,"column":3}},{"start":{"line":98,"column":9},"end":{"line":105,"column":3}}]},"4":{"loc":{"start":{"line":84,"column":6},"end":{"line":88,"column":7}},"type":"if","locations":[{"start":{"line":84,"column":6},"end":{"line":88,"column":7}}]},"5":{"loc":{"start":{"line":85,"column":15},"end":{"line":87,"column":23}},"type":"cond-expr","locations":[{"start":{"line":86,"column":12},"end":{"line":86,"column":29}},{"start":{"line":87,"column":12},"end":{"line":87,"column":23}}]},"6":{"loc":{"start":{"line":85,"column":15},"end":{"line":85,"column":64}},"type":"binary-expr","locations":[{"start":{"line":85,"column":15},"end":{"line":85,"column":34}},{"start":{"line":85,"column":38},"end":{"line":85,"column":64}}]}},"s":{"0":3,"1":3,"2":3,"3":3,"4":3,"5":3,"6":3,"7":1,"8":1,"9":1,"10":1,"11":1,"12":1,"13":1,"14":1,"15":1,"16":1,"17":0,"18":1,"19":1,"20":2,"21":1,"22":1,"23":1,"24":3,"25":3,"26":6,"27":6,"28":6,"29":6,"30":4,"31":4,"32":0,"33":4,"34":4,"35":4,"36":3,"37":3,"38":3,"39":3,"40":0,"41":4,"42":2,"43":6,"44":6,"45":6,"46":3},"f":{"0":1,"1":1,"2":1,"3":2,"4":6,"5":6,"6":0,"7":4,"8":3},"b":{"0":[0],"1":[1],"2":[1,0],"3":[4,2],"4":[3],"5":[1,2],"6":[3,1]}}
,"D:\\Projects\\sitetracker-ai-service\\utils\\enums.ts": {"path":"D:\\Projects\\sitetracker-ai-service\\utils\\enums.ts","statementMap":{"0":{"start":{"line":1,"column":0},"end":{"line":1,"column":null}},"1":{"start":{"line":2,"column":2},"end":{"line":2,"column":null}},"2":{"start":{"line":3,"column":2},"end":{"line":3,"column":null}},"3":{"start":{"line":4,"column":2},"end":{"line":4,"column":null}},"4":{"start":{"line":5,"column":2},"end":{"line":5,"column":null}},"5":{"start":{"line":6,"column":2},"end":{"line":6,"column":null}},"6":{"start":{"line":9,"column":0},"end":{"line":9,"column":null}},"7":{"start":{"line":10,"column":2},"end":{"line":10,"column":null}},"8":{"start":{"line":11,"column":2},"end":{"line":11,"column":null}},"9":{"start":{"line":12,"column":2},"end":{"line":12,"column":null}},"10":{"start":{"line":13,"column":2},"end":{"line":13,"column":null}},"11":{"start":{"line":16,"column":0},"end":{"line":16,"column":null}},"12":{"start":{"line":17,"column":2},"end":{"line":17,"column":null}},"13":{"start":{"line":18,"column":2},"end":{"line":18,"column":null}}},"fnMap":{"0":{"name":"(anonymous_0)","decl":{"start":{"line":1,"column":0},"end":{"line":1,"column":12}},"loc":{"start":{"line":1,"column":26},"end":{"line":7,"column":1}}},"1":{"name":"(anonymous_1)","decl":{"start":{"line":9,"column":0},"end":{"line":9,"column":12}},"loc":{"start":{"line":9,"column":20},"end":{"line":14,"column":1}}},"2":{"name":"(anonymous_2)","decl":{"start":{"line":16,"column":0},"end":{"line":16,"column":12}},"loc":{"start":{"line":16,"column":20},"end":{"line":19,"column":1}}}},"branchMap":{"0":{"loc":{"start":{"line":1,"column":12},"end":{"line":1,"column":null}},"type":"binary-expr","locations":[{"start":{"line":1,"column":12},"end":{"line":1,"column":26}},{"start":{"line":1,"column":26},"end":{"line":1,"column":null}}]},"1":{"loc":{"start":{"line":9,"column":12},"end":{"line":9,"column":null}},"type":"binary-expr","locations":[{"start":{"line":9,"column":12},"end":{"line":9,"column":20}},{"start":{"line":9,"column":20},"end":{"line":9,"column":null}}]},"2":{"loc":{"start":{"line":16,"column":12},"end":{"line":16,"column":null}},"type":"binary-expr","locations":[{"start":{"line":16,"column":12},"end":{"line":16,"column":20}},{"start":{"line":16,"column":20},"end":{"line":16,"column":null}}]}},"s":{"0":5,"1":5,"2":5,"3":5,"4":5,"5":5,"6":5,"7":5,"8":5,"9":5,"10":5,"11":5,"12":5,"13":5},"f":{"0":5,"1":5,"2":5},"b":{"0":[5,5],"1":[5,5],"2":[5,5]}}
,"D:\\Projects\\sitetracker-ai-service\\utils\\helpers.ts": {"path":"D:\\Projects\\sitetracker-ai-service\\utils\\helpers.ts","statementMap":{"0":{"start":{"line":5,"column":0},"end":{"line":5,"column":43}},"1":{"start":{"line":12,"column":33},"end":{"line":15,"column":1}},"2":{"start":{"line":13,"column":24},"end":{"line":13,"column":49}},"3":{"start":{"line":14,"column":2},"end":{"line":14,"column":null}},"4":{"start":{"line":12,"column":13},"end":{"line":12,"column":33}},"5":{"start":{"line":22,"column":28},"end":{"line":27,"column":1}},"6":{"start":{"line":23,"column":17},"end":{"line":23,"column":42}},"7":{"start":{"line":24,"column":2},"end":{"line":26,"column":null}},"8":{"start":{"line":22,"column":13},"end":{"line":22,"column":28}},"9":{"start":{"line":34,"column":27},"end":{"line":38,"column":1}},"10":{"start":{"line":36,"column":4},"end":{"line":36,"column":102}},"11":{"start":{"line":37,"column":2},"end":{"line":37,"column":null}},"12":{"start":{"line":34,"column":13},"end":{"line":34,"column":27}},"13":{"start":{"line":47,"column":28},"end":{"line":84,"column":null}},"14":{"start":{"line":50,"column":21},"end":{"line":84,"column":null}},"15":{"start":{"line":51,"column":2},"end":{"line":53,"column":3}},"16":{"start":{"line":52,"column":4},"end":{"line":52,"column":null}},"17":{"start":{"line":55,"column":2},"end":{"line":71,"column":3}},"18":{"start":{"line":57,"column":4},"end":{"line":69,"column":5}},"19":{"start":{"line":63,"column":6},"end":{"line":63,"column":null}},"20":{"start":{"line":64,"column":11},"end":{"line":69,"column":5}},"21":{"start":{"line":66,"column":6},"end":{"line":66,"column":null}},"22":{"start":{"line":68,"column":6},"end":{"line":68,"column":null}},"23":{"start":{"line":70,"column":4},"end":{"line":70,"column":null}},"24":{"start":{"line":73,"column":2},"end":{"line":79,"column":3}},"25":{"start":{"line":74,"column":21},"end":{"line":74,"column":40}},"26":{"start":{"line":75,"column":4},"end":{"line":77,"column":5}},"27":{"start":{"line":76,"column":6},"end":{"line":76,"column":null}},"28":{"start":{"line":78,"column":4},"end":{"line":78,"column":null}},"29":{"start":{"line":83,"column":2},"end":{"line":83,"column":null}},"30":{"start":{"line":47,"column":13},"end":{"line":47,"column":28}},"31":{"start":{"line":91,"column":31},"end":{"line":95,"column":null}},"32":{"start":{"line":91,"column":75},"end":{"line":95,"column":null}},"33":{"start":{"line":92,"column":13},"end":{"line":92,"column":35}},"34":{"start":{"line":93,"column":21},"end":{"line":93,"column":48}},"35":{"start":{"line":94,"column":2},"end":{"line":94,"column":null}},"36":{"start":{"line":91,"column":13},"end":{"line":91,"column":31}},"37":{"start":{"line":104,"column":31},"end":{"line":119,"column":1}},"38":{"start":{"line":109,"column":16},"end":{"line":109,"column":37}},"39":{"start":{"line":110,"column":13},"end":{"line":110,"column":17}},"40":{"start":{"line":112,"column":2},"end":{"line":116,"column":null}},"41":{"start":{"line":113,"column":18},"end":{"line":113,"column":51}},"42":{"start":{"line":114,"column":24},"end":{"line":114,"column":58}},"43":{"start":{"line":115,"column":4},"end":{"line":115,"column":null}},"44":{"start":{"line":118,"column":2},"end":{"line":118,"column":null}},"45":{"start":{"line":104,"column":13},"end":{"line":104,"column":31}},"46":{"start":{"line":126,"column":31},"end":{"line":145,"column":1}},"47":{"start":{"line":127,"column":51},"end":{"line":143,"column":null}},"48":{"start":{"line":144,"column":2},"end":{"line":144,"column":null}},"49":{"start":{"line":126,"column":13},"end":{"line":126,"column":31}}},"fnMap":{"0":{"name":"(anonymous_7)","decl":{"start":{"line":12,"column":33},"end":{"line":12,"column":34}},"loc":{"start":{"line":12,"column":66},"end":{"line":15,"column":1}}},"1":{"name":"(anonymous_8)","decl":{"start":{"line":22,"column":28},"end":{"line":22,"column":29}},"loc":{"start":{"line":22,"column":60},"end":{"line":27,"column":1}}},"2":{"name":"(anonymous_9)","decl":{"start":{"line":34,"column":27},"end":{"line":34,"column":28}},"loc":{"start":{"line":34,"column":52},"end":{"line":38,"column":1}}},"3":{"name":"(anonymous_10)","decl":{"start":{"line":47,"column":28},"end":{"line":47,"column":null}},"loc":{"start":{"line":50,"column":21},"end":{"line":84,"column":null}}},"4":{"name":"(anonymous_11)","decl":{"start":{"line":50,"column":21},"end":{"line":50,"column":null}},"loc":{"start":{"line":50,"column":21},"end":{"line":84,"column":1}}},"5":{"name":"(anonymous_12)","decl":{"start":{"line":91,"column":31},"end":{"line":91,"column":38}},"loc":{"start":{"line":91,"column":75},"end":{"line":95,"column":null}}},"6":{"name":"(anonymous_13)","decl":{"start":{"line":91,"column":75},"end":{"line":91,"column":null}},"loc":{"start":{"line":91,"column":75},"end":{"line":95,"column":1}}},"7":{"name":"(anonymous_14)","decl":{"start":{"line":104,"column":31},"end":{"line":104,"column":null}},"loc":{"start":{"line":108,"column":12},"end":{"line":119,"column":1}}},"8":{"name":"(anonymous_15)","decl":{"start":{"line":112,"column":16},"end":{"line":112,"column":17}},"loc":{"start":{"line":112,"column":25},"end":{"line":116,"column":3}}},"9":{"name":"(anonymous_16)","decl":{"start":{"line":126,"column":31},"end":{"line":126,"column":32}},"loc":{"start":{"line":126,"column":61},"end":{"line":145,"column":1}}}},"branchMap":{"0":{"loc":{"start":{"line":24,"column":9},"end":{"line":26,"column":17}},"type":"cond-expr","locations":[{"start":{"line":25,"column":6},"end":{"line":25,"column":42}},{"start":{"line":26,"column":6},"end":{"line":26,"column":17}}]},"1":{"loc":{"start":{"line":51,"column":2},"end":{"line":53,"column":3}},"type":"if","locations":[{"start":{"line":51,"column":2},"end":{"line":53,"column":3}}]},"2":{"loc":{"start":{"line":51,"column":6},"end":{"line":51,"column":22}},"type":"binary-expr","locations":[{"start":{"line":51,"column":6},"end":{"line":51,"column":11}},{"start":{"line":51,"column":15},"end":{"line":51,"column":22}}]},"3":{"loc":{"start":{"line":55,"column":2},"end":{"line":71,"column":3}},"type":"if","locations":[{"start":{"line":55,"column":2},"end":{"line":71,"column":3}}]},"4":{"loc":{"start":{"line":57,"column":4},"end":{"line":69,"column":5}},"type":"if","locations":[{"start":{"line":57,"column":4},"end":{"line":69,"column":5}},{"start":{"line":64,"column":11},"end":{"line":69,"column":5}}]},"5":{"loc":{"start":{"line":58,"column":6},"end":{"line":60,"column":35}},"type":"binary-expr","locations":[{"start":{"line":58,"column":6},"end":{"line":58,"column":30}},{"start":{"line":59,"column":6},"end":{"line":59,"column":20}},{"start":{"line":60,"column":6},"end":{"line":60,"column":35}}]},"6":{"loc":{"start":{"line":64,"column":11},"end":{"line":69,"column":5}},"type":"if","locations":[{"start":{"line":64,"column":11},"end":{"line":69,"column":5}},{"start":{"line":67,"column":11},"end":{"line":69,"column":5}}]},"7":{"loc":{"start":{"line":73,"column":2},"end":{"line":79,"column":3}},"type":"if","locations":[{"start":{"line":73,"column":2},"end":{"line":79,"column":3}}]},"8":{"loc":{"start":{"line":75,"column":4},"end":{"line":77,"column":5}},"type":"if","locations":[{"start":{"line":75,"column":4},"end":{"line":77,"column":5}}]},"9":{"loc":{"start":{"line":114,"column":24},"end":{"line":114,"column":58}},"type":"binary-expr","locations":[{"start":{"line":114,"column":24},"end":{"line":114,"column":50}},{"start":{"line":114,"column":54},"end":{"line":114,"column":58}}]},"10":{"loc":{"start":{"line":144,"column":9},"end":{"line":144,"column":46}},"type":"binary-expr","locations":[{"start":{"line":144,"column":9},"end":{"line":144,"column":33}},{"start":{"line":144,"column":37},"end":{"line":144,"column":46}}]}},"s":{"0":6,"1":6,"2":2,"3":2,"4":6,"5":6,"6":14,"7":14,"8":6,"9":6,"10":4,"11":4,"12":6,"13":6,"14":6,"15":6,"16":1,"17":5,"18":3,"19":1,"20":2,"21":1,"22":1,"23":2,"24":2,"25":2,"26":2,"27":1,"28":1,"29":0,"30":6,"31":6,"32":1,"33":1,"34":1,"35":1,"36":6,"37":6,"38":9,"39":9,"40":9,"41":12,"42":12,"43":12,"44":9,"45":6,"46":6,"47":1,"48":1,"49":6},"f":{"0":2,"1":14,"2":4,"3":6,"4":6,"5":1,"6":1,"7":9,"8":12,"9":1},"b":{"0":[1,13],"1":[1],"2":[6,3],"3":[3],"4":[1,2],"5":[3,3,1],"6":[1,1],"7":[2],"8":[1],"9":[12,1],"10":[1,0]}}
,"D:\\Projects\\sitetracker-ai-service\\utils\\index.ts": {"path":"D:\\Projects\\sitetracker-ai-service\\utils\\index.ts","statementMap":{"0":{"start":{"line":1,"column":0},"end":{"line":1,"column":23}},"1":{"start":{"line":2,"column":0},"end":{"line":2,"column":25}}},"fnMap":{},"branchMap":{},"s":{"0":5,"1":5},"f":{},"b":{}}
}
