TN:
SF:controllers\image-detection\image-detection.controller.ts
FN:22,(anonymous_7)
FN:25,(anonymous_8)
FN:31,(anonymous_9)
FN:43,(anonymous_10)
FN:45,(anonymous_11)
FNF:5
FNH:2
FNDA:4,(anonymous_7)
FNDA:4,(anonymous_8)
FNDA:0,(anonymous_9)
FNDA:0,(anonymous_10)
FNDA:0,(anonymous_11)
DA:2,1
DA:8,1
DA:22,1
DA:25,4
DA:27,4
DA:28,4
DA:29,4
DA:31,0
DA:32,4
DA:33,3
DA:36,1
DA:41,1
DA:44,0
DA:46,0
DA:51,1
DA:53,1
DA:54,0
DA:57,1
DA:58,1
LF:19
LH:15
BRDA:26,0,0,3
BRDA:28,1,0,0
BRDA:28,1,1,4
BRDA:28,2,0,4
BRDA:28,2,1,4
BRDA:29,3,0,2
BRDA:29,3,1,2
BRDA:31,4,0,2
BRDA:31,4,1,0
BRDA:31,5,0,2
BRDA:31,5,1,2
BRDA:32,6,0,3
BRDA:32,7,0,4
BRDA:32,7,1,2
BRDA:53,8,0,0
BRF:15
BRH:12
end_of_record
TN:
SF:controllers\knowledge-base\knowledge-base.controller.ts
FN:18,(anonymous_7)
FN:21,(anonymous_8)
FNF:2
FNH:2
FNDA:5,(anonymous_7)
FNDA:5,(anonymous_8)
DA:2,1
DA:3,1
DA:18,1
DA:21,5
DA:22,5
DA:23,5
DA:25,5
DA:26,2
DA:31,3
DA:35,3
DA:37,1
DA:45,2
DA:46,2
LF:13
LH:13
BRDA:23,0,0,0
BRDA:23,0,1,5
BRDA:23,1,0,5
BRDA:23,1,1,5
BRDA:25,2,0,2
BRDA:25,3,0,5
BRDA:25,3,1,4
BRDA:25,3,2,3
BRDA:38,4,0,1
BRDA:38,4,1,0
BRF:10
BRH:8
end_of_record
TN:
SF:services\image-detection.service.ts
FN:25,(anonymous_8)
FN:25,(anonymous_9)
FN:61,(anonymous_10)
FN:61,(anonymous_11)
FN:100,(anonymous_12)
FN:104,(anonymous_13)
FN:150,(anonymous_14)
FN:154,(anonymous_15)
FN:206,(anonymous_16)
FN:209,(anonymous_17)
FN:223,(anonymous_18)
FNF:11
FNH:11
FNDA:1,(anonymous_8)
FNDA:1,(anonymous_9)
FNDA:1,(anonymous_10)
FNDA:1,(anonymous_11)
FNDA:7,(anonymous_12)
FNDA:7,(anonymous_13)
FNDA:4,(anonymous_14)
FNDA:4,(anonymous_15)
FNDA:1,(anonymous_16)
FNDA:1,(anonymous_17)
FNDA:2,(anonymous_18)
DA:1,3
DA:2,3
DA:3,3
DA:4,3
DA:5,3
DA:6,3
DA:8,3
DA:9,3
DA:11,3
DA:25,3
DA:26,1
DA:27,1
DA:33,1
DA:37,1
DA:50,1
DA:61,3
DA:62,1
DA:64,1
DA:86,1
DA:88,1
DA:100,3
DA:104,7
DA:105,7
DA:106,7
DA:107,7
DA:108,7
DA:110,5
DA:112,5
DA:114,3
DA:117,3
DA:119,1
DA:122,1
DA:124,1
DA:127,4
DA:134,4
DA:135,3
DA:137,3
DA:150,3
DA:154,4
DA:155,4
DA:156,4
DA:157,4
DA:159,4
DA:160,4
DA:162,2
DA:165,2
DA:167,1
DA:170,1
DA:172,1
DA:174,3
DA:195,2
DA:197,1
DA:206,3
DA:209,1
DA:210,1
DA:211,1
DA:213,1
DA:221,1
DA:223,2
DA:225,1
LF:60
LH:60
BRDA:102,0,0,1
BRDA:112,1,0,3
BRDA:112,1,1,1
BRDA:112,1,2,1
BRDA:152,2,0,0
BRDA:160,3,0,2
BRDA:160,3,1,1
BRDA:160,3,2,1
BRDA:223,4,0,0
BRDA:223,4,1,1
BRDA:223,5,0,1
BRDA:223,5,1,1
BRDA:225,6,0,0
BRDA:225,6,1,1
BRDA:225,7,0,1
BRDA:225,7,1,1
BRF:16
BRH:13
end_of_record
TN:
SF:services\index.ts
FNF:0
FNH:0
DA:1,2
DA:2,2
DA:3,2
LF:3
LH:3
BRF:0
BRH:0
end_of_record
TN:
SF:services\knowledge-base.service.ts
FN:8,(anonymous_8)
FN:8,(anonymous_9)
FN:21,(anonymous_10)
FN:21,(anonymous_11)
FNF:4
FNH:4
FNDA:1,(anonymous_8)
FNDA:1,(anonymous_9)
FNDA:1,(anonymous_10)
FNDA:1,(anonymous_11)
DA:1,3
DA:2,3
DA:3,3
DA:4,3
DA:5,3
DA:6,3
DA:8,3
DA:9,1
DA:10,1
DA:21,3
DA:22,1
DA:24,1
DA:29,1
DA:35,1
DA:36,1
DA:37,1
DA:38,1
DA:39,1
DA:44,1
LF:19
LH:19
BRF:0
BRH:0
end_of_record
TN:
SF:services\translation.service.ts
FN:21,(anonymous_13)
FN:23,(anonymous_14)
FN:32,(anonymous_15)
FN:38,(anonymous_16)
FN:59,(anonymous_17)
FN:64,(anonymous_18)
FN:76,(anonymous_19)
FN:77,(anonymous_20)
FN:81,(anonymous_21)
FNF:9
FNH:8
FNDA:1,(anonymous_13)
FNDA:1,(anonymous_14)
FNDA:1,(anonymous_15)
FNDA:2,(anonymous_16)
FNDA:6,(anonymous_17)
FNDA:6,(anonymous_18)
FNDA:0,(anonymous_19)
FNDA:4,(anonymous_20)
FNDA:3,(anonymous_21)
DA:1,3
DA:2,3
DA:3,3
DA:4,3
DA:5,3
DA:6,3
DA:21,3
DA:23,1
DA:24,1
DA:25,1
DA:26,1
DA:27,1
DA:28,1
DA:30,1
DA:32,1
DA:33,1
DA:34,1
DA:36,1
DA:38,1
DA:39,2
DA:40,1
DA:41,1
DA:46,1
DA:59,3
DA:64,6
DA:65,6
DA:71,6
DA:73,6
DA:74,4
DA:75,4
DA:76,0
DA:77,4
DA:79,4
DA:81,4
DA:82,3
DA:83,3
DA:84,3
DA:85,3
DA:89,0
DA:92,4
DA:99,2
DA:107,6
DA:112,6
DA:117,6
LF:44
LH:42
BRDA:34,0,0,0
BRDA:39,1,0,1
BRDA:41,2,0,1
BRDA:41,2,1,0
BRDA:73,3,0,4
BRDA:73,3,1,2
BRDA:84,4,0,3
BRDA:85,5,0,1
BRDA:85,5,1,2
BRDA:85,6,0,3
BRDA:85,6,1,1
BRF:11
BRH:9
end_of_record
TN:
SF:utils\enums.ts
FN:1,(anonymous_0)
FN:9,(anonymous_1)
FN:16,(anonymous_2)
FNF:3
FNH:3
FNDA:5,(anonymous_0)
FNDA:5,(anonymous_1)
FNDA:5,(anonymous_2)
DA:1,5
DA:2,5
DA:3,5
DA:4,5
DA:5,5
DA:6,5
DA:9,5
DA:10,5
DA:11,5
DA:12,5
DA:13,5
DA:16,5
DA:17,5
DA:18,5
LF:14
LH:14
BRDA:1,0,0,5
BRDA:1,0,1,5
BRDA:9,1,0,5
BRDA:9,1,1,5
BRDA:16,2,0,5
BRDA:16,2,1,5
BRF:6
BRH:6
end_of_record
TN:
SF:utils\helpers.ts
FN:12,(anonymous_7)
FN:22,(anonymous_8)
FN:34,(anonymous_9)
FN:47,(anonymous_10)
FN:50,(anonymous_11)
FN:91,(anonymous_12)
FN:91,(anonymous_13)
FN:104,(anonymous_14)
FN:112,(anonymous_15)
FN:126,(anonymous_16)
FNF:10
FNH:10
FNDA:2,(anonymous_7)
FNDA:14,(anonymous_8)
FNDA:4,(anonymous_9)
FNDA:6,(anonymous_10)
FNDA:6,(anonymous_11)
FNDA:1,(anonymous_12)
FNDA:1,(anonymous_13)
FNDA:9,(anonymous_14)
FNDA:12,(anonymous_15)
FNDA:1,(anonymous_16)
DA:5,6
DA:12,6
DA:13,2
DA:14,2
DA:22,6
DA:23,14
DA:24,14
DA:34,6
DA:36,4
DA:37,4
DA:47,6
DA:50,6
DA:51,6
DA:52,1
DA:55,5
DA:57,3
DA:63,1
DA:64,2
DA:66,1
DA:68,1
DA:70,2
DA:73,2
DA:74,2
DA:75,2
DA:76,1
DA:78,1
DA:83,0
DA:91,6
DA:92,1
DA:93,1
DA:94,1
DA:104,6
DA:109,9
DA:110,9
DA:112,9
DA:113,12
DA:114,12
DA:115,12
DA:118,9
DA:126,6
DA:127,1
DA:144,1
LF:42
LH:41
BRDA:24,0,0,1
BRDA:24,0,1,13
BRDA:51,1,0,1
BRDA:51,2,0,6
BRDA:51,2,1,3
BRDA:55,3,0,3
BRDA:57,4,0,1
BRDA:57,4,1,2
BRDA:58,5,0,3
BRDA:58,5,1,3
BRDA:58,5,2,1
BRDA:64,6,0,1
BRDA:64,6,1,1
BRDA:73,7,0,2
BRDA:75,8,0,1
BRDA:114,9,0,12
BRDA:114,9,1,1
BRDA:144,10,0,1
BRDA:144,10,1,0
BRF:19
BRH:18
end_of_record
TN:
SF:utils\index.ts
FNF:0
FNH:0
DA:1,5
DA:2,5
LF:2
LH:2
BRF:0
BRH:0
end_of_record
